  main.cpp
  image_handler.cpp
  Generating Code...
image_handler.obj : error LNK2019: unresolved external symbol "void __cdecl cv::fastFree(void *)" (?fastFree@cv@@YAXPAX@Z) referenced in function "public: __thiscall cv::Mat::~Mat(void)" (??1Mat@cv@@QAE@XZ)
image_handler.obj : error LNK2019: unresolved external symbol "private: char * __thiscall cv::String::allocate(unsigned int)" (?allocate@String@cv@@AAEPADI@Z) referenced in function "public: __thiscall cv::String::String(class std::basic_string<char,struct std::char_traits<char>,class std::allocator<char> > const &)" (??0String@cv@@QAE@ABV?$basic_string@DU?$char_traits@D@std@@V?$allocator@D@2@@std@@@Z)
image_handler.obj : error LNK2019: unresolved external symbol "private: void __thiscall cv::String::deallocate(void)" (?deallocate@String@cv@@AAEXXZ) referenced in function "public: __thiscall cv::String::~String(void)" (??1String@cv@@QAE@XZ)
image_handler.obj : error LNK2019: unresolved external symbol "void __cdecl cv::error(int,class cv::String const &,char const *,char const *,int)" (?error@cv@@YAXHABVString@1@PBD1H@Z) referenced in function "public: class cv::Vec<unsigned char,3> & __thiscall cv::Mat::at<class cv::Vec<unsigned char,3> >(class cv::Point_<int>)" (??$at@V?$Vec@E$02@cv@@@Mat@cv@@QAEAAV?$Vec@E$02@1@V?$Point_@H@1@@Z)
image_handler.obj : error LNK2019: unresolved external symbol "public: void __thiscall cv::Mat::create(int,int const *,int)" (?create@Mat@cv@@QAEXHPBHH@Z) referenced in function "public: void __thiscall cv::Mat::create(int,int,int)" (?create@Mat@cv@@QAEXHHH@Z)
image_handler.obj : error LNK2019: unresolved external symbol "public: void __thiscall cv::Mat::deallocate(void)" (?deallocate@Mat@cv@@QAEXXZ) referenced in function "public: void __thiscall cv::Mat::release(void)" (?release@Mat@cv@@QAEXXZ)
image_handler.obj : error LNK2019: unresolved external symbol "bool __cdecl cv::imwrite(class cv::String const &,class cv::_InputArray const &,class std::vector<int,class std::allocator<int> > const &)" (?imwrite@cv@@YA_NABVString@1@ABV_InputArray@1@ABV?$vector@HV?$allocator@H@std@@@std@@@Z) referenced in function "public: int __thiscall image_handler::write_image(class window<int> &,class std::vector<int,class std::allocator<int> > &)" (?write_image@image_handler@@QAEHAAV?$window@H@@AAV?$vector@HV?$allocator@H@std@@@std@@@Z)
image_handler.obj : error LNK2019: unresolved external symbol "public: int __thiscall window<int>::get_x_min(void)" (?get_x_min@?$window@H@@QAEHXZ) referenced in function "public: int __thiscall image_handler::write_image(class window<int> &,class std::vector<int,class std::allocator<int> > &)" (?write_image@image_handler@@QAEHAAV?$window@H@@AAV?$vector@HV?$allocator@H@std@@@std@@@Z)
mandel_plotter.obj : error LNK2001: unresolved external symbol "public: int __thiscall window<int>::get_x_min(void)" (?get_x_min@?$window@H@@QAEHXZ)
image_handler.obj : error LNK2019: unresolved external symbol "public: int __thiscall window<int>::get_x_max(void)" (?get_x_max@?$window@H@@QAEHXZ) referenced in function "public: int __thiscall image_handler::write_image(class window<int> &,class std::vector<int,class std::allocator<int> > &)" (?write_image@image_handler@@QAEHAAV?$window@H@@AAV?$vector@HV?$allocator@H@std@@@std@@@Z)
mandel_plotter.obj : error LNK2001: unresolved external symbol "public: int __thiscall window<int>::get_x_max(void)" (?get_x_max@?$window@H@@QAEHXZ)
image_handler.obj : error LNK2019: unresolved external symbol "public: int __thiscall window<int>::get_y_min(void)" (?get_y_min@?$window@H@@QAEHXZ) referenced in function "public: int __thiscall image_handler::write_image(class window<int> &,class std::vector<int,class std::allocator<int> > &)" (?write_image@image_handler@@QAEHAAV?$window@H@@AAV?$vector@HV?$allocator@H@std@@@std@@@Z)
mandel_plotter.obj : error LNK2001: unresolved external symbol "public: int __thiscall window<int>::get_y_min(void)" (?get_y_min@?$window@H@@QAEHXZ)
image_handler.obj : error LNK2019: unresolved external symbol "public: int __thiscall window<int>::get_y_max(void)" (?get_y_max@?$window@H@@QAEHXZ) referenced in function "public: int __thiscall image_handler::write_image(class window<int> &,class std::vector<int,class std::allocator<int> > &)" (?write_image@image_handler@@QAEHAAV?$window@H@@AAV?$vector@HV?$allocator@H@std@@@std@@@Z)
mandel_plotter.obj : error LNK2001: unresolved external symbol "public: int __thiscall window<int>::get_y_max(void)" (?get_y_max@?$window@H@@QAEHXZ)
main.obj : error LNK2019: unresolved external symbol "public: __thiscall window<int>::window<int>(int,int,int,int)" (??0?$window@H@@QAE@HHHH@Z) referenced in function _main
main.obj : error LNK2019: unresolved external symbol "public: int __thiscall window<int>::size(void)" (?size@?$window@H@@QAEHXZ) referenced in function _main
main.obj : error LNK2019: unresolved external symbol "public: int __thiscall window<int>::width(void)" (?width@?$window@H@@QAEHXZ) referenced in function _main
mandel_plotter.obj : error LNK2001: unresolved external symbol "public: int __thiscall window<int>::width(void)" (?width@?$window@H@@QAEHXZ)
main.obj : error LNK2019: unresolved external symbol "public: int __thiscall window<int>::height(void)" (?height@?$window@H@@QAEHXZ) referenced in function _main
mandel_plotter.obj : error LNK2001: unresolved external symbol "public: int __thiscall window<int>::height(void)" (?height@?$window@H@@QAEHXZ)
main.obj : error LNK2019: unresolved external symbol "public: __thiscall window<double>::window<double>(double,double,double,double)" (??0?$window@N@@QAE@NNNN@Z) referenced in function _main
mandel_plotter.obj : error LNK2019: unresolved external symbol "public: double __thiscall window<double>::width(void)" (?width@?$window@N@@QAENXZ) referenced in function "public: class std::complex<double> __thiscall mandel_plotter::pixel_to_complex(class std::complex<double>)" (?pixel_to_complex@mandel_plotter@@QAE?AV?$complex@N@std@@V23@@Z)
mandel_plotter.obj : error LNK2019: unresolved external symbol "public: double __thiscall window<double>::height(void)" (?height@?$window@N@@QAENXZ) referenced in function "public: class std::complex<double> __thiscall mandel_plotter::pixel_to_complex(class std::complex<double>)" (?pixel_to_complex@mandel_plotter@@QAE?AV?$complex@N@std@@V23@@Z)
mandel_plotter.obj : error LNK2019: unresolved external symbol "public: double __thiscall window<double>::get_x_min(void)" (?get_x_min@?$window@N@@QAENXZ) referenced in function "public: class std::complex<double> __thiscall mandel_plotter::pixel_to_complex(class std::complex<double>)" (?pixel_to_complex@mandel_plotter@@QAE?AV?$complex@N@std@@V23@@Z)
mandel_plotter.obj : error LNK2019: unresolved external symbol "public: double __thiscall window<double>::get_y_min(void)" (?get_y_min@?$window@N@@QAENXZ) referenced in function "public: class std::complex<double> __thiscall mandel_plotter::pixel_to_complex(class std::complex<double>)" (?pixel_to_complex@mandel_plotter@@QAE?AV?$complex@N@std@@V23@@Z)
C:\Users\Donghead\source\repos\MandelbrotFractal\Debug\Mandelbrot_EscapeTime.exe : fatal error LNK1120: 20 unresolved externals
